[17:48:00.938] ScriptHandler file:D:\Svn\Picaworld\tools\SimpleHttpServer\wwwroot\Manager\AccountHandler.yshx error: System.InvalidOperationException: compile error:c:\Users\Chen Guangxu\AppData\Local\Temp\on5mjulq.0.cs(11,7) : error CS0246: 未能找到类型或命名空间名称“OAuth”(是否缺少 using 指令或程序集引用?)
   在 SimpleHttpServer.Scripts.Assemblies.Metadata.HandleScriptMetadata.LoadAssembly() 位置 D:\Svn\Picaworld\tools\SimpleHttpServer\SimpleHttpServer.Scripts\Assemblies\Metadata\HandleScriptMetadata.cs:行号 25
   在 SimpleHttpServer.Scripts.Utility.UnLazy`1.CreateValue() 位置 D:\Svn\Picaworld\tools\SimpleHttpServer\SimpleHttpServer.Scripts\Utility\UnLazy.cs:行号 79
   在 SimpleHttpServer.Scripts.Utility.UnLazy`1.LazyInitValue() 位置 D:\Svn\Picaworld\tools\SimpleHttpServer\SimpleHttpServer.Scripts\Utility\UnLazy.cs:行号 53
   在 SimpleHttpServer.Scripts.Utility.UnLazy`1.get_Value() 位置 D:\Svn\Picaworld\tools\SimpleHttpServer\SimpleHttpServer.Scripts\Utility\UnLazy.cs:行号 42
   在 SimpleHttpServer.Scripts.Assemblies.Metadata.ScriptMetadata.get_Assembly() 位置 D:\Svn\Picaworld\tools\SimpleHttpServer\SimpleHttpServer.Scripts\Assemblies\Metadata\ScriptMetadata.cs:行号 34
   在 SimpleHttpServer.Scripts.Assemblies.Metadata.ScriptMetadata.CreateInstance(String typename, Object[] args) 位置 D:\Svn\Picaworld\tools\SimpleHttpServer\SimpleHttpServer.Scripts\Assemblies\Metadata\ScriptMetadata.cs:行号 64
   在 SimpleHttpServer.Scripts.Assemblies.HandleScriptAssembly.CreateInstance(String path, String typename, Object[] args) 位置 D:\Svn\Picaworld\tools\SimpleHttpServer\SimpleHttpServer.Scripts\Assemblies\HandleScriptAssembly.cs:行号 74
   在 SimpleHttpServer.Scripts.ScriptEngines.CreateInstance(String path, String typename, Object[] args) 位置 D:\Svn\Picaworld\tools\SimpleHttpServer\SimpleHttpServer.Scripts\ScriptEngines.cs:行号 121
   在 SimpleHttpServer.Scripts.ScriptHandler.Handle(IHandleContext context) 位置 D:\Svn\Picaworld\tools\SimpleHttpServer\SimpleHttpServer.Scripts\ScriptHandler.cs:行号 53
[17:48:22.464] ScriptHandler file:D:\Svn\Picaworld\tools\SimpleHttpServer\wwwroot\Manager\AccountHandler.yshx error: System.InvalidOperationException: compile error:c:\Users\Chen Guangxu\AppData\Local\Temp\qfu2fdbs.0.cs(11,7) : error CS0246: 未能找到类型或命名空间名称“OAuth”(是否缺少 using 指令或程序集引用?)
   在 SimpleHttpServer.Scripts.Assemblies.Metadata.HandleScriptMetadata.LoadAssembly() 位置 D:\Svn\Picaworld\tools\SimpleHttpServer\SimpleHttpServer.Scripts\Assemblies\Metadata\HandleScriptMetadata.cs:行号 25
   在 SimpleHttpServer.Scripts.Utility.UnLazy`1.CreateValue() 位置 D:\Svn\Picaworld\tools\SimpleHttpServer\SimpleHttpServer.Scripts\Utility\UnLazy.cs:行号 79
   在 SimpleHttpServer.Scripts.Utility.UnLazy`1.LazyInitValue() 位置 D:\Svn\Picaworld\tools\SimpleHttpServer\SimpleHttpServer.Scripts\Utility\UnLazy.cs:行号 53
   在 SimpleHttpServer.Scripts.Utility.UnLazy`1.get_Value() 位置 D:\Svn\Picaworld\tools\SimpleHttpServer\SimpleHttpServer.Scripts\Utility\UnLazy.cs:行号 42
   在 SimpleHttpServer.Scripts.Assemblies.Metadata.ScriptMetadata.get_Assembly() 位置 D:\Svn\Picaworld\tools\SimpleHttpServer\SimpleHttpServer.Scripts\Assemblies\Metadata\ScriptMetadata.cs:行号 34
   在 SimpleHttpServer.Scripts.Assemblies.Metadata.ScriptMetadata.CreateInstance(String typename, Object[] args) 位置 D:\Svn\Picaworld\tools\SimpleHttpServer\SimpleHttpServer.Scripts\Assemblies\Metadata\ScriptMetadata.cs:行号 64
   在 SimpleHttpServer.Scripts.Assemblies.HandleScriptAssembly.CreateInstance(String path, String typename, Object[] args) 位置 D:\Svn\Picaworld\tools\SimpleHttpServer\SimpleHttpServer.Scripts\Assemblies\HandleScriptAssembly.cs:行号 74
   在 SimpleHttpServer.Scripts.ScriptEngines.CreateInstance(String path, String typename, Object[] args) 位置 D:\Svn\Picaworld\tools\SimpleHttpServer\SimpleHttpServer.Scripts\ScriptEngines.cs:行号 121
   在 SimpleHttpServer.Scripts.ScriptHandler.Handle(IHandleContext context) 位置 D:\Svn\Picaworld\tools\SimpleHttpServer\SimpleHttpServer.Scripts\ScriptHandler.cs:行号 53
